{"meta": {"version": "7.3.2", "timestamp": "2025-08-30T09:58:11.406803", "branch_coverage": false, "show_contexts": false}, "files": {"app/__init__.py": {"executed_lines": [0], "summary": {"covered_lines": 0, "num_statements": 0, "percent_covered": 100.0, "percent_covered_display": "100", "missing_lines": 0, "excluded_lines": 0}, "missing_lines": [], "excluded_lines": []}, "app/api/__init__.py": {"executed_lines": [0], "summary": {"covered_lines": 0, "num_statements": 0, "percent_covered": 100.0, "percent_covered_display": "100", "missing_lines": 0, "excluded_lines": 0}, "missing_lines": [], "excluded_lines": []}, "app/api/middleware/__init__.py": {"executed_lines": [], "summary": {"covered_lines": 0, "num_statements": 0, "percent_covered": 100.0, "percent_covered_display": "100", "missing_lines": 0, "excluded_lines": 0}, "missing_lines": [], "excluded_lines": []}, "app/api/middleware/error_handler.py": {"executed_lines": [], "summary": {"covered_lines": 0, "num_statements": 81, "percent_covered": 0.0, "percent_covered_display": "0", "missing_lines": 81, "excluded_lines": 0}, "missing_lines": [6, 7, 8, 10, 16, 18, 21, 31, 34, 35, 44, 45, 57, 59, 67, 69, 79, 80, 90, 91, 92, 93, 95, 96, 97, 99, 110, 112, 117, 120, 133, 139, 140, 142, 144, 145, 146, 148, 149, 150, 152, 153, 156, 166, 168, 169, 170, 176, 183, 184, 185, 187, 188, 190, 191, 192, 197, 198, 200, 201, 202, 207, 208, 210, 211, 212, 217, 218, 220, 221, 222, 227, 228, 230, 231, 232, 237, 238, 240, 241, 242], "excluded_lines": []}, "app/api/responses/__init__.py": {"executed_lines": [0], "summary": {"covered_lines": 0, "num_statements": 0, "percent_covered": 100.0, "percent_covered_display": "100", "missing_lines": 0, "excluded_lines": 0}, "missing_lines": [], "excluded_lines": []}, "app/api/responses/admin.py": {"executed_lines": [1, 6, 7, 8, 10, 11, 12, 15, 16, 17, 18, 21, 22, 23, 26, 27, 28, 31, 32, 33, 36, 37, 38, 41, 42, 43, 44, 45, 48, 49, 50, 53, 54, 55, 58, 59, 60, 63, 64, 65], "summary": {"covered_lines": 29, "num_statements": 29, "percent_covered": 100.0, "percent_covered_display": "100", "missing_lines": 0, "excluded_lines": 0}, "missing_lines": [], "excluded_lines": []}, "app/api/responses/contest.py": {"executed_lines": [1, 6, 7, 8, 10, 11, 14, 15, 16, 19, 20, 21, 24, 25, 26, 29, 30, 31, 34, 35, 36, 37, 38, 39, 40, 41, 42, 45, 46, 47, 48, 49, 50, 51, 52, 55, 56, 57, 58, 59, 60, 61, 62, 63, 66, 67, 68, 69, 70, 71, 72, 73, 74, 75, 78, 79, 80, 83, 84, 85], "summary": {"covered_lines": 49, "num_statements": 49, "percent_covered": 100.0, "percent_covered_display": "100", "missing_lines": 0, "excluded_lines": 0}, "missing_lines": [], "excluded_lines": []}, "app/api/responses/entry.py": {"executed_lines": [1, 6, 7, 8, 10, 11, 14, 15, 16, 19, 20, 21, 24, 25, 26, 29, 30, 31, 32, 33, 34, 35, 38, 39, 40], "summary": {"covered_lines": 19, "num_statements": 19, "percent_covered": 100.0, "percent_covered_display": "100", "missing_lines": 0, "excluded_lines": 0}, "missing_lines": [], "excluded_lines": []}, "app/api/responses/location.py": {"executed_lines": [1, 6, 7, 9, 10, 13, 14, 15, 16, 17, 18, 21, 22, 23, 26, 27, 28, 29, 30, 31, 34, 35, 36, 39, 40, 41, 42, 43, 46, 47, 48, 51, 52, 53, 54, 57, 58, 59, 62, 63, 64, 67, 68, 69, 70, 73, 74, 75], "summary": {"covered_lines": 36, "num_statements": 36, "percent_covered": 100.0, "percent_covered_display": "100", "missing_lines": 0, "excluded_lines": 0}, "missing_lines": [], "excluded_lines": []}, "app/api/responses/media.py": {"executed_lines": [1, 6, 7, 8, 10, 13, 14, 15, 16, 17, 18, 19, 20, 21, 22, 23, 24, 25, 28, 29, 30, 33, 34, 35, 36, 37, 40, 41, 42, 45, 46, 47, 48, 49, 50, 51, 52, 53, 54, 55, 56, 57, 58, 61, 62, 63, 66, 67, 68, 69, 70, 71, 74, 75, 76, 79, 80, 81, 82, 83, 84, 85, 86, 87, 90, 91, 92, 95, 96, 97, 98, 99, 100, 101, 104, 105, 106, 109, 110, 111, 112, 113, 114, 115, 118, 119, 120], "summary": {"covered_lines": 72, "num_statements": 72, "percent_covered": 100.0, "percent_covered_display": "100", "missing_lines": 0, "excluded_lines": 0}, "missing_lines": [], "excluded_lines": []}, "app/api/responses/user.py": {"executed_lines": [1, 6, 7, 8, 10, 11, 12, 15, 16, 17, 20, 21, 22, 25, 26, 27, 30, 31, 32, 33, 34, 35, 36, 37, 38, 41, 42, 43, 44, 45, 46, 47, 48, 51, 52, 53, 56, 57, 58, 61, 62, 63], "summary": {"covered_lines": 33, "num_statements": 33, "percent_covered": 100.0, "percent_covered_display": "100", "missing_lines": 0, "excluded_lines": 0}, "missing_lines": [], "excluded_lines": []}, "app/api/v1/__init__.py": {"executed_lines": [], "summary": {"covered_lines": 0, "num_statements": 0, "percent_covered": 100.0, "percent_covered_display": "100", "missing_lines": 0, "excluded_lines": 0}, "missing_lines": [], "excluded_lines": []}, "app/api/v1/contests.py": {"executed_lines": [], "summary": {"covered_lines": 0, "num_statements": 32, "percent_covered": 0.0, "percent_covered_display": "0", "missing_lines": 32, "excluded_lines": 0}, "missing_lines": [6, 7, 9, 10, 11, 12, 13, 14, 15, 23, 24, 26, 29, 30, 39, 41, 48, 49, 65, 72, 79, 80, 89, 91, 98, 99, 108, 110, 120, 121, 130, 136], "excluded_lines": []}, "app/core/__init__.py": {"executed_lines": [0], "summary": {"covered_lines": 0, "num_statements": 0, "percent_covered": 100.0, "percent_covered_display": "100", "missing_lines": 0, "excluded_lines": 0}, "missing_lines": [], "excluded_lines": []}, "app/core/admin_auth.py": {"executed_lines": [1, 2, 3, 4, 6, 9, 48], "summary": {"covered_lines": 7, "num_statements": 18, "percent_covered": 38.888888888888886, "percent_covered_display": "39", "missing_lines": 11, "excluded_lines": 0}, "missing_lines": [16, 17, 23, 26, 27, 28, 31, 32, 33, 41, 55], "excluded_lines": []}, "app/core/auth.py": {"executed_lines": [1, 2, 3, 4, 5, 6, 9, 10, 12, 13, 15, 44, 54, 63, 85, 104, 119, 122, 126, 130, 134, 140, 151, 152, 154, 158, 167], "summary": {"covered_lines": 25, "num_statements": 76, "percent_covered": 32.89473684210526, "percent_covered_display": "33", "missing_lines": 51, "excluded_lines": 0}, "missing_lines": [22, 25, 26, 27, 28, 30, 32, 38, 46, 52, 56, 61, 65, 66, 73, 74, 77, 78, 80, 82, 83, 87, 88, 89, 91, 92, 101, 102, 106, 107, 108, 110, 111, 112, 113, 114, 115, 124, 128, 132, 136, 142, 143, 146, 147, 155, 156, 159, 169, 170, 171], "excluded_lines": []}, "app/core/config.py": {"executed_lines": [1, 2, 3, 4, 5, 6, 9, 12, 13, 16, 17, 20, 26, 30, 31, 32, 35, 36, 37, 38, 39, 42, 43, 44, 47, 48, 54, 55, 56, 57, 60, 61, 73, 74, 78, 93, 94, 96, 97, 99, 101, 102, 104, 105, 107, 110, 111, 112, 115, 116, 117, 120, 121, 122, 125, 126, 127, 128, 130, 131, 132, 133, 135, 136, 137, 139, 141, 142, 143, 147, 148, 149, 153, 154, 155, 163, 164, 165, 174, 175, 176, 182, 183, 184, 187, 188, 190], "summary": {"covered_lines": 86, "num_statements": 98, "percent_covered": 87.75510204081633, "percent_covered_display": "88", "missing_lines": 12, "excluded_lines": 0}, "missing_lines": [98, 108, 113, 118, 123, 145, 151, 157, 167, 178, 179, 180], "excluded_lines": []}, "app/core/contest_status.py": {"executed_lines": [1, 9, 10, 11, 14, 15, 17, 18, 19, 22, 23, 24, 25, 28, 31, 79, 89, 98, 126, 164, 169, 230], "summary": {"covered_lines": 20, "num_statements": 60, "percent_covered": 33.333333333333336, "percent_covered_display": "33", "missing_lines": 40, "excluded_lines": 0}, "missing_lines": [51, 52, 55, 56, 57, 58, 61, 62, 65, 66, 69, 70, 71, 72, 73, 74, 76, 81, 91, 111, 112, 115, 117, 118, 120, 123, 145, 146, 149, 150, 153, 154, 157, 158, 161, 166, 171, 222, 232, 255], "excluded_lines": []}, "app/core/datetime_utils.py": {"executed_lines": [1, 8, 9, 10, 13, 20, 23, 44, 61, 101, 129, 159], "summary": {"covered_lines": 11, "num_statements": 68, "percent_covered": 16.176470588235293, "percent_covered_display": "16", "missing_lines": 57, "excluded_lines": 0}, "missing_lines": [33, 34, 36, 38, 41, 54, 55, 57, 58, 71, 72, 75, 78, 79, 82, 83, 84, 85, 86, 88, 90, 91, 92, 94, 95, 96, 97, 98, 112, 113, 115, 117, 118, 120, 121, 122, 123, 125, 126, 141, 142, 143, 145, 148, 149, 150, 151, 153, 156, 173, 175, 178, 179, 180, 181, 183, 184], "excluded_lines": []}, "app/core/dependencies.py": {"executed_lines": [], "summary": {"covered_lines": 0, "num_statements": 136, "percent_covered": 0.0, "percent_covered_display": "0", "missing_lines": 136, "excluded_lines": 0}, "missing_lines": [1, 2, 3, 4, 5, 6, 7, 8, 13, 15, 16, 19, 22, 23, 24, 26, 28, 29, 31, 32, 34, 36, 38, 40, 42, 44, 45, 49, 52, 59, 60, 61, 62, 64, 65, 66, 68, 69, 70, 71, 74, 75, 77, 78, 80, 82, 83, 84, 85, 88, 98, 103, 104, 105, 106, 108, 109, 111, 112, 115, 116, 122, 123, 124, 125, 127, 128, 129, 131, 133, 134, 135, 136, 139, 142, 152, 153, 155, 156, 157, 162, 164, 167, 169, 191, 195, 197, 200, 202, 205, 207, 208, 212, 215, 217, 221, 223, 224, 225, 228, 230, 234, 236, 240, 242, 243, 244, 245, 247, 248, 249, 251, 252, 255, 257, 258, 259, 261, 262, 263, 264, 265, 267, 268, 269, 270, 271, 273, 274, 275, 276, 278, 279, 284, 285, 286], "excluded_lines": []}, "app/core/dependencies/__init__.py": {"executed_lines": [3, 11], "summary": {"covered_lines": 2, "num_statements": 2, "percent_covered": 100.0, "percent_covered_display": "100", "missing_lines": 0, "excluded_lines": 0}, "missing_lines": [], "excluded_lines": []}, "app/core/dependencies/auth.py": {"executed_lines": [1, 6, 7, 8, 10, 11, 12, 13, 14, 16, 19, 43, 60, 81, 102, 125, 150], "summary": {"covered_lines": 16, "num_statements": 50, "percent_covered": 32.0, "percent_covered_display": "32", "missing_lines": 34, "excluded_lines": 0}, "missing_lines": [27, 28, 33, 34, 35, 40, 51, 52, 54, 55, 56, 57, 67, 68, 78, 88, 89, 99, 109, 111, 112, 122, 134, 135, 136, 145, 147, 159, 160, 161, 163, 164, 176, 178], "excluded_lines": []}, "app/core/dependencies/services.py": {"executed_lines": [1, 6, 7, 9, 10, 11, 12, 13, 14, 15, 16, 17, 18, 19, 20, 23, 28, 29, 30, 32, 40, 52, 64, 80, 96, 103, 120], "summary": {"covered_lines": 26, "num_statements": 44, "percent_covered": 59.09090909090909, "percent_covered_display": "59", "missing_lines": 18, "excluded_lines": 0}, "missing_lines": [44, 46, 56, 58, 68, 69, 70, 72, 84, 85, 86, 88, 100, 107, 108, 109, 111, 124], "excluded_lines": []}, "app/core/exceptions.py": {"executed_lines": [1, 2, 3, 6, 7, 10, 11, 12, 13, 16, 17, 18, 21, 22, 23, 26, 27, 28, 31, 32, 33, 36, 37, 39, 60, 61, 63, 72, 73, 75, 84, 85, 87, 100, 101, 103, 119, 120, 122, 136, 137, 139, 149, 154, 159, 164, 169, 174], "summary": {"covered_lines": 40, "num_statements": 66, "percent_covered": 60.60606060606061, "percent_covered_display": "61", "missing_lines": 26, "excluded_lines": 0}, "missing_lines": [46, 47, 48, 50, 64, 76, 88, 89, 90, 92, 104, 105, 106, 111, 123, 124, 125, 126, 128, 140, 151, 156, 161, 166, 171, 176], "excluded_lines": []}, "app/core/geolocation.py": {"executed_lines": [1, 2, 5, 27, 51], "summary": {"covered_lines": 5, "num_statements": 15, "percent_covered": 33.333333333333336, "percent_covered_display": "33", "missing_lines": 10, "excluded_lines": 0}, "missing_lines": [13, 16, 17, 18, 19, 22, 24, 47, 48, 62], "excluded_lines": []}, "app/core/location_utils.py": {"executed_lines": [1, 5, 6, 7, 9, 35, 58, 114, 170, 216], "summary": {"covered_lines": 9, "num_statements": 114, "percent_covered": 7.894736842105263, "percent_covered_display": "8", "missing_lines": 105, "excluded_lines": 0}, "missing_lines": [22, 25, 26, 27, 28, 31, 33, 55, 56, 68, 69, 72, 73, 74, 77, 81, 82, 84, 85, 86, 87, 88, 90, 91, 93, 94, 95, 96, 97, 98, 100, 101, 102, 105, 106, 108, 109, 111, 112, 129, 130, 132, 133, 134, 136, 137, 138, 139, 141, 142, 144, 145, 146, 148, 149, 151, 152, 153, 154, 155, 157, 158, 160, 162, 165, 168, 180, 181, 183, 184, 186, 187, 188, 190, 191, 192, 193, 194, 195, 196, 198, 200, 201, 202, 203, 204, 206, 208, 209, 210, 212, 214, 233, 234, 240, 241, 243, 244, 245, 248, 250, 251, 258, 259, 270], "excluded_lines": []}, "app/core/rate_limiter.py": {"executed_lines": [1, 2, 3, 4, 5, 6, 7, 10, 11, 13, 14, 15, 16, 17, 19, 21, 22, 23, 28, 30, 31, 32, 34, 40, 42, 44, 46, 66, 85, 87, 89, 95, 109, 115, 126, 138, 139, 141, 142, 143, 145, 147, 148, 150, 151, 154, 158, 159, 160, 164, 175, 183, 191, 195], "summary": {"covered_lines": 52, "num_statements": 135, "percent_covered": 38.51851851851852, "percent_covered_display": "39", "missing_lines": 83, "excluded_lines": 0}, "missing_lines": [29, 36, 37, 38, 43, 48, 49, 51, 52, 55, 56, 57, 58, 59, 61, 62, 64, 68, 69, 71, 72, 74, 75, 76, 77, 78, 80, 81, 83, 91, 92, 93, 97, 98, 99, 102, 103, 105, 106, 107, 111, 112, 113, 117, 118, 119, 120, 121, 122, 123, 124, 128, 129, 130, 132, 133, 134, 135, 155, 162, 166, 167, 170, 171, 173, 177, 178, 179, 181, 185, 186, 187, 197, 198, 199, 201, 203, 204, 205, 206, 208, 209, 210], "excluded_lines": []}, "app/core/services/__init__.py": {"executed_lines": [0], "summary": {"covered_lines": 0, "num_statements": 0, "percent_covered": 100.0, "percent_covered_display": "100", "missing_lines": 0, "excluded_lines": 0}, "missing_lines": [], "excluded_lines": []}, "app/core/services/admin_service.py": {"executed_lines": [1, 5, 6, 8, 9, 10, 11, 12, 15, 16, 20, 26, 63, 87, 100, 124, 157, 177], "summary": {"covered_lines": 16, "num_statements": 60, "percent_covered": 26.666666666666668, "percent_covered_display": "27", "missing_lines": 44, "excluded_lines": 0}, "missing_lines": [21, 22, 23, 24, 34, 35, 36, 37, 38, 41, 43, 71, 72, 73, 76, 77, 78, 80, 98, 117, 139, 140, 141, 144, 145, 146, 147, 148, 150, 153, 155, 171, 172, 173, 175, 191, 192, 193, 196, 198, 199, 200, 201, 208], "excluded_lines": []}, "app/core/services/auth_service.py": {"executed_lines": [1, 6, 7, 9, 10, 11, 12, 15, 16, 20, 24, 81, 99], "summary": {"covered_lines": 11, "num_statements": 35, "percent_covered": 31.428571428571427, "percent_covered_display": "31", "missing_lines": 24, "excluded_lines": 0}, "missing_lines": [21, 22, 37, 39, 40, 41, 47, 48, 49, 55, 56, 57, 63, 64, 69, 71, 73, 74, 76, 92, 94, 95, 97, 109], "excluded_lines": []}, "app/core/services/campaign_import_service.py": {"executed_lines": [1, 6, 7, 8, 9, 10, 12, 13, 14, 15, 20, 21, 22, 23, 26, 27, 31, 35, 97, 167, 178, 197, 214, 231, 283], "summary": {"covered_lines": 23, "num_statements": 103, "percent_covered": 22.33009708737864, "percent_covered_display": "22", "missing_lines": 80, "excluded_lines": 0}, "missing_lines": [32, 33, 52, 54, 56, 64, 65, 67, 69, 72, 77, 78, 80, 81, 82, 88, 90, 91, 108, 110, 118, 131, 132, 133, 134, 136, 137, 143, 150, 151, 158, 160, 161, 169, 170, 171, 176, 180, 181, 182, 188, 189, 190, 191, 199, 200, 201, 203, 204, 205, 206, 207, 208, 216, 217, 218, 220, 221, 222, 223, 224, 225, 241, 242, 245, 248, 257, 258, 259, 262, 264, 276, 277, 290, 300, 326, 327, 328, 329, 331], "excluded_lines": []}, "app/core/services/contest_service.py": {"executed_lines": [1, 6, 7, 8, 9, 11, 12, 13, 14, 21, 22, 23, 24, 25, 28, 29, 31, 36, 44, 45, 49, 50, 51, 52, 53, 55, 70, 73, 80, 83, 86, 89, 93, 96, 99, 100, 112, 114, 175, 212, 315, 397], "summary": {"covered_lines": 39, "num_statements": 148, "percent_covered": 26.35135135135135, "percent_covered_display": "26", "missing_lines": 109, "excluded_lines": 0}, "missing_lines": [32, 33, 34, 37, 81, 84, 87, 90, 101, 109, 110, 137, 138, 143, 146, 154, 157, 158, 159, 160, 161, 162, 165, 168, 169, 170, 171, 173, 189, 191, 192, 195, 196, 205, 206, 207, 208, 210, 229, 230, 231, 234, 235, 244, 245, 255, 256, 264, 271, 272, 279, 280, 287, 288, 295, 296, 297, 298, 305, 309, 310, 311, 313, 332, 333, 334, 337, 338, 345, 346, 354, 356, 363, 365, 366, 367, 368, 369, 370, 372, 374, 385, 388, 389, 392, 393, 395, 407, 415, 417, 418, 419, 420, 421, 424, 425, 426, 427, 428, 431, 432, 433, 434, 435, 437, 439, 440, 441, 443], "excluded_lines": []}, "app/core/services/entry_service.py": {"executed_lines": [1, 5, 6, 8, 9, 10, 16, 17, 20, 21, 25, 31, 59, 95, 133, 192], "summary": {"covered_lines": 14, "num_statements": 62, "percent_covered": 22.580645161290324, "percent_covered_display": "23", "missing_lines": 48, "excluded_lines": 0}, "missing_lines": [26, 27, 28, 29, 47, 50, 53, 54, 55, 57, 78, 79, 80, 83, 86, 89, 90, 91, 93, 116, 117, 118, 121, 122, 131, 155, 156, 157, 160, 161, 171, 172, 173, 179, 180, 187, 188, 190, 202, 204, 207, 208, 210, 218, 220, 227, 228, 230], "excluded_lines": []}, "app/core/services/location_service.py": {"executed_lines": [1, 6, 7, 8, 10, 11, 12, 18, 19, 20, 23, 24, 26, 33, 34, 36, 43, 44, 46, 52, 53, 55, 60, 61, 65, 68, 107, 160, 213, 251], "summary": {"covered_lines": 24, "num_statements": 96, "percent_covered": 25.0, "percent_covered_display": "25", "missing_lines": 72, "excluded_lines": 0}, "missing_lines": [27, 28, 29, 30, 37, 38, 39, 40, 47, 48, 49, 56, 57, 66, 81, 83, 86, 87, 89, 90, 91, 93, 100, 101, 121, 122, 127, 128, 133, 135, 137, 138, 143, 149, 154, 155, 175, 176, 177, 179, 181, 195, 198, 200, 206, 207, 226, 227, 228, 231, 249, 266, 267, 268, 269, 270, 275, 276, 281, 283, 284, 285, 286, 288, 289, 291, 293, 295, 296, 298, 303, 304], "excluded_lines": []}, "app/core/services/media_service.py": {"executed_lines": [1, 6, 7, 9, 10, 17, 18, 22, 25, 87], "summary": {"covered_lines": 8, "num_statements": 40, "percent_covered": 20.0, "percent_covered_display": "20", "missing_lines": 32, "excluded_lines": 0}, "missing_lines": [23, 44, 46, 47, 48, 56, 68, 69, 70, 71, 73, 75, 77, 78, 79, 80, 81, 100, 102, 103, 104, 112, 113, 114, 115, 117, 119, 125, 126, 127, 128, 129], "excluded_lines": []}, "app/core/services/notification_service.py": {"executed_lines": [1, 6, 7, 8, 10, 11, 12, 13, 14, 19, 20, 21, 22, 25, 26, 30, 37, 105, 162, 194, 226, 279], "summary": {"covered_lines": 20, "num_statements": 89, "percent_covered": 22.471910112359552, "percent_covered_display": "22", "missing_lines": 69, "excluded_lines": 0}, "missing_lines": [31, 32, 33, 34, 35, 58, 60, 70, 71, 74, 77, 78, 79, 80, 81, 83, 84, 86, 88, 97, 98, 99, 120, 121, 124, 125, 126, 128, 129, 131, 132, 134, 135, 137, 138, 141, 144, 148, 155, 156, 181, 182, 184, 186, 213, 214, 216, 218, 245, 252, 253, 254, 261, 262, 264, 265, 270, 271, 272, 277, 286, 287, 288, 291, 296, 297, 301, 309, 310], "excluded_lines": []}, "app/core/services/user_service.py": {"executed_lines": [1, 5, 6, 8, 9, 10, 11, 12, 13, 16, 17, 21, 25, 38, 62, 97, 123, 149, 212, 240], "summary": {"covered_lines": 18, "num_statements": 61, "percent_covered": 29.508196721311474, "percent_covered_display": "30", "missing_lines": 43, "excluded_lines": 0}, "missing_lines": [22, 23, 36, 52, 57, 58, 60, 79, 80, 86, 87, 88, 91, 92, 93, 95, 116, 142, 171, 173, 176, 177, 181, 182, 183, 184, 185, 186, 189, 190, 191, 192, 199, 200, 201, 203, 205, 207, 210, 228, 231, 238, 247], "excluded_lines": []}, "app/core/sms_notification_service.py": {"executed_lines": [1, 6, 7, 8, 9, 10, 11, 13, 16, 17, 19, 21, 22, 23, 25, 38, 39, 41, 52, 82, 94, 106, 129, 149, 155, 166], "summary": {"covered_lines": 24, "num_statements": 82, "percent_covered": 29.26829268292683, "percent_covered_display": "29", "missing_lines": 58, "excluded_lines": 0}, "missing_lines": [26, 27, 28, 30, 31, 32, 33, 34, 35, 36, 43, 44, 46, 47, 49, 50, 65, 67, 68, 69, 71, 72, 73, 74, 76, 78, 79, 80, 84, 86, 87, 88, 90, 92, 96, 98, 99, 100, 102, 104, 108, 110, 116, 117, 119, 121, 122, 123, 125, 126, 127, 142, 143, 145, 147, 151, 153, 157], "excluded_lines": []}, "app/core/timezone_utils.py": {"executed_lines": [], "summary": {"covered_lines": 0, "num_statements": 45, "percent_covered": 0.0, "percent_covered_display": "0", "missing_lines": 45, "excluded_lines": 0}, "missing_lines": [5, 6, 7, 8, 12, 34, 41, 42, 44, 45, 46, 47, 50, 51, 54, 56, 63, 65, 66, 68, 71, 81, 84, 95, 96, 99, 100, 101, 102, 105, 106, 109, 119, 121, 124, 127, 137, 138, 140, 141, 144, 156, 157, 160, 170], "excluded_lines": []}, "app/core/twilio_verify_service.py": {"executed_lines": [1, 2, 3, 4, 5, 6, 8, 11, 12, 14, 15, 16, 17, 18, 19, 21, 22, 24, 26, 28, 29, 30, 31, 32, 70, 72, 73, 75, 76, 80, 81, 85, 87, 89, 90, 99, 102, 108, 109, 110, 123, 142, 144, 146, 147, 150, 151, 159, 161, 162, 163, 164, 166, 183, 200, 221, 242, 244, 245, 248, 260, 264], "summary": {"covered_lines": 61, "num_statements": 170, "percent_covered": 35.88235294117647, "percent_covered_display": "36", "missing_lines": 109, "excluded_lines": 0}, "missing_lines": [35, 36, 37, 38, 39, 40, 41, 42, 45, 46, 47, 48, 51, 52, 53, 57, 58, 59, 61, 62, 63, 65, 66, 67, 68, 78, 83, 93, 95, 96, 97, 113, 114, 115, 116, 117, 118, 119, 121, 125, 126, 128, 129, 132, 133, 136, 137, 139, 140, 148, 153, 155, 156, 157, 168, 169, 176, 177, 179, 180, 181, 185, 187, 188, 189, 191, 192, 194, 196, 197, 198, 203, 204, 208, 211, 212, 213, 214, 217, 218, 219, 223, 224, 231, 232, 233, 235, 236, 238, 239, 240, 246, 250, 266, 267, 269, 270, 272, 273, 275, 276, 277, 278, 281, 282, 283, 284, 286, 287], "excluded_lines": []}, "app/core/vercel_config.py": {"executed_lines": [1, 8, 9, 12, 20, 21, 24, 26, 33, 36, 40, 43, 49, 50, 110, 113], "summary": {"covered_lines": 15, "num_statements": 30, "percent_covered": 50.0, "percent_covered_display": "50", "missing_lines": 15, "excluded_lines": 0}, "missing_lines": [25, 28, 29, 31, 69, 70, 89, 90, 102, 103, 115, 123, 124, 125, 127], "excluded_lines": []}, "app/database/__init__.py": {"executed_lines": [1, 3], "summary": {"covered_lines": 2, "num_statements": 2, "percent_covered": 100.0, "percent_covered_display": "100", "missing_lines": 0, "excluded_lines": 0}, "missing_lines": [], "excluded_lines": []}, "app/database/database.py": {"executed_lines": [1, 2, 3, 4, 5, 6, 7, 8, 10, 13, 14, 16, 17, 18, 19, 20, 22, 23, 25, 26, 27, 29, 30, 32, 33, 34, 36, 37, 47, 49, 52, 64, 71, 72, 74, 77, 78, 80, 81, 82, 83, 84, 85, 86, 88, 89, 91, 92, 93, 95, 96, 98, 99, 100, 101, 102, 105, 107, 109, 113, 114, 126, 140, 143, 147, 151, 156], "summary": {"covered_lines": 66, "num_statements": 91, "percent_covered": 72.52747252747253, "percent_covered_display": "73", "missing_lines": 25, "excluded_lines": 0}, "missing_lines": [39, 40, 45, 53, 103, 111, 116, 117, 118, 119, 120, 121, 122, 124, 128, 129, 130, 131, 132, 133, 134, 136, 145, 149, 153], "excluded_lines": []}, "app/infrastructure/__init__.py": {"executed_lines": [0], "summary": {"covered_lines": 0, "num_statements": 0, "percent_covered": 100.0, "percent_covered_display": "100", "missing_lines": 0, "excluded_lines": 0}, "missing_lines": [], "excluded_lines": []}, "app/infrastructure/repositories/__init__.py": {"executed_lines": [0], "summary": {"covered_lines": 0, "num_statements": 0, "percent_covered": 100.0, "percent_covered_display": "100", "missing_lines": 0, "excluded_lines": 0}, "missing_lines": [], "excluded_lines": []}, "app/infrastructure/repositories/contest_repository.py": {"executed_lines": [1, 6, 7, 8, 10, 13, 14, 19, 20, 22, 47, 62, 79, 99, 123, 142, 161, 207], "summary": {"covered_lines": 16, "num_statements": 47, "percent_covered": 34.04255319148936, "percent_covered_display": "34", "missing_lines": 31, "excluded_lines": 0}, "missing_lines": [33, 35, 36, 45, 57, 58, 59, 60, 72, 73, 74, 75, 76, 77, 90, 110, 134, 153, 182, 185, 186, 187, 194, 195, 197, 198, 200, 217, 219, 220, 222], "excluded_lines": []}, "app/infrastructure/repositories/entry_repository.py": {"executed_lines": [1, 6, 7, 8, 10, 13, 14, 18, 19, 21, 42, 57, 77, 97, 119, 141, 153], "summary": {"covered_lines": 15, "num_statements": 31, "percent_covered": 48.38709677419355, "percent_covered_display": "48", "missing_lines": 16, "excluded_lines": 0}, "missing_lines": [32, 34, 35, 40, 52, 53, 54, 55, 68, 88, 108, 130, 151, 163, 164, 165], "excluded_lines": []}, "app/infrastructure/repositories/user_repository.py": {"executed_lines": [1, 6, 7, 8, 10, 13, 14, 18, 19, 21, 44, 56, 71, 109, 126], "summary": {"covered_lines": 13, "num_statements": 39, "percent_covered": 33.333333333333336, "percent_covered_display": "33", "missing_lines": 26, "excluded_lines": 0}, "missing_lines": [32, 34, 35, 42, 54, 66, 67, 68, 69, 90, 92, 93, 95, 96, 98, 119, 121, 122, 124, 145, 147, 148, 149, 151, 152, 154], "excluded_lines": []}, "app/main.py": {"executed_lines": [1, 2, 3, 4, 5, 6, 7, 8, 9, 12, 13, 16, 19, 20, 23, 24, 26, 29, 32, 34, 36, 45, 55, 56, 57, 58, 60, 63, 65, 66, 69, 80, 81, 82, 83, 84, 85, 86, 87, 91, 94, 97, 98, 117, 118, 136, 140, 141, 143, 144, 152, 153, 155, 163, 164, 185, 188, 191, 194, 195, 196, 199], "summary": {"covered_lines": 62, "num_statements": 75, "percent_covered": 82.66666666666667, "percent_covered_display": "83", "missing_lines": 13, "excluded_lines": 0}, "missing_lines": [88, 89, 100, 101, 104, 106, 120, 121, 122, 124, 166, 200, 201], "excluded_lines": []}, "app/models/__init__.py": {"executed_lines": [1, 4, 6, 7, 8, 9, 10, 11, 12, 13, 14, 15, 17], "summary": {"covered_lines": 13, "num_statements": 13, "percent_covered": 100.0, "percent_covered_display": "100", "missing_lines": 0, "excluded_lines": 0}, "missing_lines": [], "excluded_lines": []}, "app/models/admin_profile.py": {"executed_lines": [1, 5, 6, 7, 10, 11, 16, 18, 19, 22, 23, 26, 27, 29], "summary": {"covered_lines": 12, "num_statements": 13, "percent_covered": 92.3076923076923, "percent_covered_display": "92", "missing_lines": 1, "excluded_lines": 0}, "missing_lines": [30], "excluded_lines": []}, "app/models/contest.py": {"executed_lines": [1, 2, 3, 4, 5, 8, 9, 11, 12, 13, 15, 16, 17, 20, 21, 22, 23, 24, 25, 26, 27, 28, 29, 30, 33, 34, 35, 36, 37, 40, 41, 42, 45, 46, 49, 52, 53, 54, 57, 58, 59, 62, 63, 64, 65, 68, 69, 70, 71, 72, 75, 76, 77, 80, 81, 82, 83, 86, 87, 88, 89, 90], "summary": {"covered_lines": 62, "num_statements": 62, "percent_covered": 100.0, "percent_covered_display": "100", "missing_lines": 0, "excluded_lines": 0}, "missing_lines": [], "excluded_lines": []}, "app/models/contest_status_audit.py": {"executed_lines": [1, 2, 3, 4, 7, 8, 9, 11, 12, 13, 14, 15, 16, 17, 20, 21], "summary": {"covered_lines": 15, "num_statements": 15, "percent_covered": 100.0, "percent_covered_display": "100", "missing_lines": 0, "excluded_lines": 0}, "missing_lines": [], "excluded_lines": []}, "app/models/entry.py": {"executed_lines": [1, 2, 3, 4, 5, 8, 9, 11, 12, 13, 14, 15, 16, 19, 20, 21], "summary": {"covered_lines": 16, "num_statements": 16, "percent_covered": 100.0, "percent_covered_display": "100", "missing_lines": 0, "excluded_lines": 0}, "missing_lines": [], "excluded_lines": []}, "app/models/notification.py": {"executed_lines": [1, 5, 6, 7, 8, 9, 12, 13, 20, 22, 23, 24, 25, 28, 29, 32, 33, 34, 37, 38, 39, 42, 43, 44, 46, 49, 50, 56], "summary": {"covered_lines": 26, "num_statements": 31, "percent_covered": 83.87096774193549, "percent_covered_display": "84", "missing_lines": 5, "excluded_lines": 0}, "missing_lines": [47, 52, 53, 54, 58], "excluded_lines": []}, "app/models/official_rules.py": {"executed_lines": [1, 2, 3, 4, 7, 8, 10, 11, 12, 13, 14, 15, 16, 17, 18, 19, 22], "summary": {"covered_lines": 17, "num_statements": 17, "percent_covered": 100.0, "percent_covered_display": "100", "missing_lines": 0, "excluded_lines": 0}, "missing_lines": [], "excluded_lines": []}, "app/models/role_audit.py": {"executed_lines": [1, 8, 9, 10, 11, 14, 15, 17, 18, 19, 20, 21, 22, 23, 26, 27, 29, 33, 34, 36, 37, 38, 39, 40, 41, 44, 45, 47], "summary": {"covered_lines": 27, "num_statements": 29, "percent_covered": 93.10344827586206, "percent_covered_display": "93", "missing_lines": 2, "excluded_lines": 0}, "missing_lines": [30, 48], "excluded_lines": []}, "app/models/sms_template.py": {"executed_lines": [1, 2, 3, 4, 7, 8, 18, 20, 21, 22, 23, 24, 25, 26, 29, 31], "summary": {"covered_lines": 15, "num_statements": 16, "percent_covered": 93.75, "percent_covered_display": "94", "missing_lines": 1, "excluded_lines": 0}, "missing_lines": [32], "excluded_lines": []}, "app/models/sponsor_profile.py": {"executed_lines": [1, 8, 9, 10, 11, 14, 15, 17, 18, 21, 22, 23, 24, 25, 26, 27, 28, 31, 32, 35, 36, 39, 40, 42], "summary": {"covered_lines": 23, "num_statements": 24, "percent_covered": 95.83333333333333, "percent_covered_display": "96", "missing_lines": 1, "excluded_lines": 0}, "missing_lines": [43], "excluded_lines": []}, "app/models/user.py": {"executed_lines": [1, 2, 3, 4, 5, 8, 9, 11, 12, 13, 14, 17, 18, 19, 22, 23, 24, 25, 26, 29, 30, 31, 32, 33, 34, 37, 38, 40, 43, 44, 47, 48, 51, 52], "summary": {"covered_lines": 34, "num_statements": 38, "percent_covered": 89.47368421052632, "percent_covered_display": "89", "missing_lines": 4, "excluded_lines": 0}, "missing_lines": [41, 45, 49, 53], "excluded_lines": []}, "app/routers/__init__.py": {"executed_lines": [1, 2, 3, 4, 5, 6, 7, 8, 9, 10, 11, 13], "summary": {"covered_lines": 12, "num_statements": 12, "percent_covered": 100.0, "percent_covered_display": "100", "missing_lines": 0, "excluded_lines": 0}, "missing_lines": [], "excluded_lines": []}, "app/routers/admin.py": {"executed_lines": [1, 6, 7, 9, 10, 11, 12, 13, 14, 15, 16, 17, 24, 29, 30, 31, 33, 40, 41, 58, 59, 80, 81, 104, 105, 143, 144, 177, 178, 216, 217, 256, 257, 296, 297, 326, 327], "summary": {"covered_lines": 36, "num_statements": 82, "percent_covered": 43.90243902439025, "percent_covered_display": "44", "missing_lines": 46, "excluded_lines": 0}, "missing_lines": [49, 51, 67, 69, 91, 97, 116, 117, 122, 128, 153, 155, 156, 159, 160, 161, 163, 168, 170, 186, 188, 189, 190, 192, 199, 204, 205, 226, 227, 232, 234, 236, 238, 248, 249, 266, 267, 272, 274, 276, 278, 284, 285, 304, 319, 334], "excluded_lines": []}, "app/routers/admin_approval.py": {"executed_lines": [1, 8, 9, 10, 11, 12, 13, 14, 15, 16, 17, 21, 22, 23, 24, 26, 33, 34, 156, 157, 204, 205, 257, 258, 302, 303, 395, 396, 443, 444], "summary": {"covered_lines": 29, "num_statements": 150, "percent_covered": 19.333333333333332, "percent_covered_display": "19", "missing_lines": 121, "excluded_lines": 0}, "missing_lines": [43, 52, 55, 58, 59, 61, 63, 66, 67, 68, 70, 73, 74, 75, 76, 78, 79, 80, 81, 82, 84, 87, 88, 89, 90, 91, 92, 94, 110, 113, 114, 116, 117, 120, 128, 129, 130, 132, 137, 138, 139, 141, 142, 144, 164, 165, 167, 168, 170, 174, 184, 188, 197, 198, 212, 213, 215, 216, 218, 219, 220, 221, 224, 230, 233, 239, 240, 245, 265, 266, 268, 269, 271, 272, 277, 278, 282, 291, 292, 310, 311, 314, 319, 320, 323, 329, 330, 331, 332, 333, 335, 347, 350, 358, 359, 360, 361, 363, 369, 370, 371, 373, 374, 377, 382, 383, 385, 404, 405, 406, 412, 419, 420, 421, 422, 423, 425, 436, 449, 451, 453], "excluded_lines": []}, "app/routers/admin_contests.py": {"executed_lines": [1, 2, 3, 4, 5, 6, 7, 8, 9, 10, 15, 16, 17, 18, 19, 20, 22, 25, 26, 65, 66, 126, 127, 196, 197, 257, 258, 269, 270, 293, 294, 309, 310], "summary": {"covered_lines": 33, "num_statements": 76, "percent_covered": 43.421052631578945, "percent_covered_display": "43", "missing_lines": 43, "excluded_lines": 0}, "missing_lines": [32, 33, 36, 39, 62, 73, 74, 77, 80, 81, 89, 123, 139, 140, 142, 143, 149, 150, 159, 193, 202, 203, 206, 207, 209, 210, 219, 252, 254, 264, 265, 266, 276, 277, 279, 280, 285, 300, 301, 303, 316, 317, 318], "excluded_lines": []}, "app/routers/admin_original_backup.py": {"executed_lines": [], "summary": {"covered_lines": 0, "num_statements": 49, "percent_covered": 0.0, "percent_covered_display": "0", "missing_lines": 49, "excluded_lines": 0}, "missing_lines": [1, 2, 3, 4, 5, 6, 7, 8, 9, 10, 11, 13, 16, 17, 22, 23, 24, 27, 28, 33, 34, 35, 38, 39, 46, 47, 48, 51, 52, 58, 59, 60, 61, 62, 65, 66, 73, 74, 75, 76, 78, 79, 83, 84, 86, 89, 90, 95, 99], "excluded_lines": []}, "app/routers/auth.py": {"executed_lines": [1, 6, 7, 8, 10, 11, 12, 13, 14, 15, 16, 17, 18, 19, 25, 26, 28, 31, 32, 41, 42, 52, 54, 60, 65, 72, 73, 145, 146, 186, 187, 209, 210], "summary": {"covered_lines": 32, "num_statements": 69, "percent_covered": 46.3768115942029, "percent_covered_display": "46", "missing_lines": 37, "excluded_lines": 0}, "missing_lines": [43, 44, 46, 55, 82, 87, 88, 94, 95, 96, 102, 103, 105, 106, 107, 109, 114, 115, 116, 119, 120, 121, 124, 130, 138, 155, 156, 157, 163, 164, 165, 171, 173, 179, 194, 202, 217], "excluded_lines": []}, "app/routers/auth_original_backup.py": {"executed_lines": [], "summary": {"covered_lines": 0, "num_statements": 74, "percent_covered": 0.0, "percent_covered_display": "0", "missing_lines": 74, "excluded_lines": 0}, "missing_lines": [1, 2, 3, 4, 5, 6, 7, 8, 9, 10, 11, 13, 19, 20, 29, 30, 31, 32, 33, 40, 42, 43, 48, 54, 55, 63, 68, 69, 75, 76, 77, 83, 84, 86, 87, 88, 90, 95, 96, 97, 100, 101, 102, 105, 111, 120, 121, 130, 131, 132, 138, 139, 140, 141, 142, 143, 146, 147, 148, 151, 157, 164, 166, 167, 173, 174, 175, 181, 182, 183, 189, 192, 193, 200], "excluded_lines": []}, "app/routers/contests.py": {"executed_lines": [1, 6, 7, 9, 10, 11, 12, 13, 14, 15, 23, 24, 26, 29, 30, 39, 42, 43, 55, 62, 63, 93, 94, 112, 113, 134, 135], "summary": {"covered_lines": 26, "num_statements": 34, "percent_covered": 76.47058823529412, "percent_covered_display": "76", "missing_lines": 8, "excluded_lines": 0}, "missing_lines": [79, 86, 103, 105, 122, 124, 144, 150], "excluded_lines": []}, "app/routers/contests_original_backup.py": {"executed_lines": [], "summary": {"covered_lines": 0, "num_statements": 176, "percent_covered": 0.0, "percent_covered_display": "0", "missing_lines": 176, "excluded_lines": 0}, "missing_lines": [6, 7, 8, 10, 11, 12, 13, 14, 15, 16, 17, 25, 26, 28, 31, 32, 39, 40, 44, 51, 52, 55, 58, 61, 64, 65, 67, 76, 119, 121, 130, 131, 142, 143, 148, 149, 152, 161, 164, 165, 166, 167, 169, 183, 186, 189, 190, 191, 192, 195, 197, 205, 206, 212, 214, 215, 221, 222, 233, 252, 255, 256, 263, 264, 265, 271, 272, 274, 277, 286, 287, 297, 298, 306, 307, 314, 315, 321, 322, 323, 324, 337, 344, 345, 351, 355, 356, 357, 360, 362, 365, 366, 387, 389, 390, 395, 396, 397, 402, 403, 406, 407, 416, 418, 419, 427, 428, 438, 439, 442, 451, 454, 457, 458, 461, 468, 470, 471, 472, 473, 474, 475, 477, 480, 481, 484, 485, 486, 487, 488, 489, 491, 493, 518, 520, 530, 531, 532, 533, 534, 537, 538, 539, 540, 541, 544, 545, 546, 547, 548, 551, 552, 553, 554, 555, 556, 557, 560, 561, 562, 563, 564, 565, 566, 567, 568, 571, 572, 575, 576, 578, 580, 593, 594, 595, 596], "excluded_lines": []}, "app/routers/entries.py": {"executed_lines": [1, 6, 7, 9, 10, 11, 12, 13, 14, 15, 16, 18, 21, 22, 43, 44, 66, 67, 89, 90], "summary": {"covered_lines": 19, "num_statements": 27, "percent_covered": 70.37037037037037, "percent_covered_display": "70", "missing_lines": 8, "excluded_lines": 0}, "missing_lines": [31, 36, 54, 59, 76, 82, 99, 105], "excluded_lines": []}, "app/routers/entries_original_backup.py": {"executed_lines": [], "summary": {"covered_lines": 0, "num_statements": 13, "percent_covered": 0.0, "percent_covered_display": "0", "missing_lines": 13, "excluded_lines": 0}, "missing_lines": [1, 2, 3, 4, 5, 6, 7, 8, 10, 13, 14, 19, 23], "excluded_lines": []}, "app/routers/location.py": {"executed_lines": [1, 6, 7, 9, 10, 11, 12, 13, 14, 21, 27, 28, 30, 33, 34, 54, 55, 80, 81, 101, 102, 127, 128, 145, 146], "summary": {"covered_lines": 24, "num_statements": 40, "percent_covered": 60.0, "percent_covered_display": "60", "missing_lines": 16, "excluded_lines": 0}, "missing_lines": [43, 47, 65, 66, 71, 73, 89, 94, 107, 113, 115, 120, 136, 138, 157, 161], "excluded_lines": []}, "app/routers/location_original_backup.py": {"executed_lines": [], "summary": {"covered_lines": 0, "num_statements": 80, "percent_covered": 0.0, "percent_covered_display": "0", "missing_lines": 80, "excluded_lines": 0}, "missing_lines": [5, 6, 7, 8, 9, 10, 12, 13, 14, 15, 21, 26, 27, 28, 30, 31, 33, 34, 49, 50, 53, 56, 57, 59, 60, 61, 63, 70, 71, 76, 77, 96, 98, 99, 104, 105, 106, 112, 113, 114, 118, 120, 122, 123, 132, 137, 139, 143, 144, 149, 150, 169, 171, 173, 174, 180, 194, 199, 205, 206, 207, 208, 213, 214, 223, 225, 231, 233, 238, 239, 250, 251, 253, 254, 260, 278, 280, 281, 282, 283], "excluded_lines": []}, "app/routers/media.py": {"executed_lines": [1, 6, 7, 9, 10, 11, 12, 13, 14, 20, 21, 23, 26, 27, 90, 91, 113, 114, 135, 136, 164, 165, 208, 209, 231, 232, 253, 254], "summary": {"covered_lines": 27, "num_statements": 60, "percent_covered": 45.0, "percent_covered_display": "45", "missing_lines": 33, "excluded_lines": 0}, "missing_lines": [43, 44, 49, 51, 52, 53, 57, 58, 59, 65, 68, 69, 70, 75, 83, 100, 106, 123, 128, 150, 157, 181, 182, 188, 189, 194, 201, 218, 224, 241, 246, 261, 263], "excluded_lines": []}, "app/routers/media_original_backup.py": {"executed_lines": [], "summary": {"covered_lines": 0, "num_statements": 95, "percent_covered": 0.0, "percent_covered_display": "0", "missing_lines": 95, "excluded_lines": 0}, "missing_lines": [8, 9, 10, 11, 12, 13, 14, 15, 16, 17, 18, 20, 22, 23, 26, 27, 46, 48, 49, 54, 55, 56, 61, 62, 65, 66, 72, 73, 79, 80, 84, 90, 91, 97, 98, 99, 105, 106, 112, 114, 115, 116, 122, 123, 124, 125, 135, 136, 138, 141, 142, 143, 149, 165, 166, 181, 183, 184, 189, 190, 191, 196, 197, 200, 201, 207, 208, 209, 215, 216, 222, 223, 229, 231, 232, 236, 237, 238, 239, 241, 242, 244, 246, 253, 254, 268, 269, 270, 276, 277, 285, 294, 303, 304, 314], "excluded_lines": []}, "app/routers/sponsor_workflow.py": {"executed_lines": [1, 8, 9, 10, 11, 12, 13, 14, 15, 19, 20, 21, 22, 24, 31, 32, 53, 54, 98, 99, 126, 127, 172, 173, 221, 222, 251, 252, 297, 298, 321, 322], "summary": {"covered_lines": 31, "num_statements": 107, "percent_covered": 28.97196261682243, "percent_covered_display": "29", "missing_lines": 76, "excluded_lines": 0}, "missing_lines": [38, 41, 44, 50, 61, 64, 65, 66, 72, 73, 79, 80, 86, 89, 95, 104, 110, 111, 112, 117, 119, 134, 137, 138, 139, 144, 145, 150, 152, 156, 165, 166, 179, 182, 183, 184, 189, 190, 195, 196, 202, 207, 228, 230, 231, 232, 237, 238, 243, 259, 260, 261, 266, 267, 273, 274, 279, 303, 309, 310, 311, 316, 318, 328, 331, 332, 333, 338, 339, 345, 346, 347, 353, 355, 356, 358], "excluded_lines": []}, "app/routers/sponsor_workflow_clean.py": {"executed_lines": [], "summary": {"covered_lines": 0, "num_statements": 66, "percent_covered": 0.0, "percent_covered_display": "0", "missing_lines": 66, "excluded_lines": 0}, "missing_lines": [6, 7, 9, 10, 11, 12, 13, 14, 15, 16, 23, 24, 25, 27, 34, 35, 44, 49, 56, 57, 66, 71, 78, 79, 89, 95, 106, 107, 117, 123, 130, 131, 140, 145, 156, 157, 167, 173, 180, 181, 190, 195, 202, 203, 213, 219, 230, 231, 240, 246, 253, 254, 262, 266, 273, 274, 283, 288, 299, 300, 308, 312, 319, 320, 329, 334], "excluded_lines": []}, "app/routers/universal_contests.py": {"executed_lines": [1, 8, 9, 10, 11, 12, 13, 14, 15, 16, 17, 18, 19, 21, 24, 138, 139, 172, 173, 212, 213, 245, 246], "summary": {"covered_lines": 22, "num_statements": 96, "percent_covered": 22.916666666666668, "percent_covered_display": "23", "missing_lines": 74, "excluded_lines": 0}, "missing_lines": [28, 31, 32, 41, 42, 43, 46, 47, 50, 51, 53, 54, 59, 60, 65, 66, 67, 70, 71, 72, 81, 150, 151, 152, 155, 158, 160, 161, 165, 166, 190, 191, 192, 195, 198, 200, 201, 205, 206, 224, 225, 226, 228, 229, 234, 236, 237, 238, 239, 260, 261, 262, 264, 265, 271, 272, 281, 284, 285, 287, 288, 293, 294, 295, 300, 301, 302, 303, 304, 306, 316, 317, 318, 319], "excluded_lines": []}, "app/routers/users.py": {"executed_lines": [1, 6, 7, 9, 10, 11, 12, 13, 14, 15, 21, 26, 27, 29, 32, 33, 81, 82, 135, 136, 158, 159, 208, 209, 237, 238, 267, 268], "summary": {"covered_lines": 27, "num_statements": 51, "percent_covered": 52.94117647058823, "percent_covered_display": "53", "missing_lines": 24, "excluded_lines": 0}, "missing_lines": [41, 44, 45, 59, 74, 91, 98, 99, 113, 128, 146, 151, 168, 171, 172, 186, 201, 219, 225, 246, 248, 259, 275, 283], "excluded_lines": []}, "app/routers/users_original_backup.py": {"executed_lines": [], "summary": {"covered_lines": 0, "num_statements": 70, "percent_covered": 0.0, "percent_covered_display": "0", "missing_lines": 70, "excluded_lines": 0}, "missing_lines": [13, 14, 15, 16, 17, 18, 19, 20, 21, 27, 28, 30, 31, 34, 36, 37, 38, 39, 44, 45, 46, 51, 52, 53, 59, 60, 74, 77, 78, 82, 83, 88, 90, 105, 121, 122, 137, 140, 141, 145, 146, 151, 154, 155, 159, 160, 161, 162, 163, 164, 167, 168, 169, 170, 176, 177, 178, 180, 182, 184, 187, 188, 189, 190, 193, 194, 208, 227, 228, 236], "excluded_lines": []}, "app/schemas/__init__.py": {"executed_lines": [1, 2, 3, 4, 5, 6, 7, 9], "summary": {"covered_lines": 8, "num_statements": 8, "percent_covered": 100.0, "percent_covered_display": "100", "missing_lines": 0, "excluded_lines": 0}, "missing_lines": [], "excluded_lines": []}, "app/schemas/admin.py": {"executed_lines": [1, 2, 3, 4, 5, 6, 9, 10, 11, 14, 15, 16, 19, 20, 21, 24, 25, 26, 27, 30, 32, 33, 39, 40, 46, 47, 53, 54, 60, 61, 62, 63, 64, 65, 66, 67, 68, 69, 72, 73, 76, 77, 78, 79, 80, 81, 84, 85, 86, 87, 88, 89, 90, 91, 92, 93, 96, 97, 100, 102, 103, 109, 110, 115, 116, 122, 123, 124, 125, 126, 127, 128, 129, 130, 131, 132, 133, 134, 135, 136, 139, 140, 141, 144, 145, 148, 149, 151, 180, 181, 184, 185, 186, 187, 188, 189, 190, 193, 194, 195, 196, 197, 198, 199, 200, 201, 203, 204, 207, 208, 209, 210, 211, 213, 214, 220, 221, 222, 223, 224, 225, 226, 227, 228, 229, 230, 231, 234, 235, 236, 237, 240, 241, 242, 243, 244, 245, 246, 247, 248, 249, 250, 251, 252, 253, 256, 257, 259, 260, 263, 264, 265, 266, 267, 268, 271, 272, 273, 274, 275, 276, 279, 280, 281, 282, 283, 284, 285, 286, 287, 290, 291, 292, 293, 294, 295, 296, 297, 298, 299, 300], "summary": {"covered_lines": 168, "num_statements": 216, "percent_covered": 77.77777777777777, "percent_covered_display": "78", "missing_lines": 48, "excluded_lines": 0}, "missing_lines": [34, 35, 36, 37, 41, 42, 43, 44, 48, 49, 50, 51, 55, 56, 57, 104, 105, 106, 107, 111, 112, 113, 117, 118, 119, 153, 154, 155, 156, 157, 158, 161, 162, 163, 164, 165, 166, 169, 170, 171, 172, 173, 174, 176, 178, 215, 216, 217], "excluded_lines": []}, "app/schemas/auth.py": {"executed_lines": [1, 4, 5, 8, 9, 10, 11, 14, 15, 16, 17, 18, 19], "summary": {"covered_lines": 12, "num_statements": 12, "percent_covered": 100.0, "percent_covered_display": "100", "missing_lines": 0, "excluded_lines": 0}, "missing_lines": [], "excluded_lines": []}, "app/schemas/campaign_import.py": {"executed_lines": [], "summary": {"covered_lines": 0, "num_statements": 56, "percent_covered": 0.0, "percent_covered_display": "0", "missing_lines": 56, "excluded_lines": 0}, "missing_lines": [1, 2, 3, 6, 8, 9, 10, 11, 13, 14, 17, 19, 20, 21, 22, 23, 25, 26, 29, 31, 32, 33, 34, 35, 36, 37, 40, 41, 42, 43, 46, 47, 49, 50, 53, 55, 56, 57, 58, 59, 62, 63, 66, 68, 69, 70, 71, 74, 75, 78, 80, 81, 82, 83, 84, 85], "excluded_lines": []}, "app/schemas/contest.py": {"executed_lines": [1, 2, 3, 4, 7, 8, 9, 10, 11, 12, 13, 16, 17, 18, 19, 20, 21, 24, 25, 26, 27, 28, 29, 32, 33, 35, 36, 37, 40, 41, 42, 43, 46, 49, 50, 52, 53, 54, 55, 56, 57, 58, 59, 62, 63, 64, 65, 66, 67, 68, 69, 70, 71, 74, 75, 78, 79, 80, 81, 82, 83, 85, 86, 93, 94, 110, 111, 122, 123, 133, 134, 135, 138, 139, 141, 142, 143, 144, 145, 146, 147, 148, 149, 150, 151, 152, 153, 154, 155, 156, 157, 158, 159, 160, 161, 162, 163, 164, 165, 166, 167, 170, 171, 174, 175, 176, 177, 178, 179, 180, 181, 182, 183, 186, 187, 188, 189, 190, 191, 192, 195, 196, 197, 198, 199, 200, 203, 204, 205, 206, 207, 208, 211, 212, 213, 214, 215, 218, 219, 220, 221, 222, 223, 225, 226, 227, 231, 232, 233, 237, 238, 239, 243, 244, 245, 249, 250, 251, 255, 256, 257, 261, 262, 263, 267, 268, 269, 274, 275, 276, 281, 282, 283, 291, 292, 293, 301, 302, 303, 309, 310, 311, 320, 321, 322, 329, 330, 331, 342, 343, 344, 347, 348, 349, 352, 353, 355, 356, 357, 358, 359, 361, 362, 363, 367, 368, 369, 373, 374, 375, 379, 380, 381, 385, 386, 389, 390, 392, 393, 394, 395, 396, 397, 398, 400, 401, 402, 406, 407, 408], "summary": {"covered_lines": 219, "num_statements": 281, "percent_covered": 77.93594306049822, "percent_covered_display": "78", "missing_lines": 62, "excluded_lines": 0}, "missing_lines": [88, 89, 90, 91, 100, 103, 104, 106, 107, 108, 113, 115, 117, 118, 119, 120, 125, 126, 127, 128, 129, 130, 229, 235, 241, 247, 253, 259, 265, 271, 272, 278, 279, 285, 286, 287, 288, 289, 295, 296, 297, 298, 299, 305, 306, 307, 313, 314, 324, 333, 334, 335, 336, 337, 338, 339, 340, 365, 371, 377, 383, 404], "excluded_lines": []}, "app/schemas/contest_status.py": {"executed_lines": [1, 7, 8, 9, 10, 13, 14, 15, 16, 18, 19, 27, 28, 29, 30, 32, 33, 40, 41, 42, 45, 46, 47, 48, 49, 50, 51, 52, 53, 54, 57, 58, 59, 60, 61, 62, 63, 64, 65, 66, 67, 68, 69, 70, 73, 74, 76, 77, 80, 81, 82, 83, 84, 85, 87, 88, 91, 92, 93, 94, 95, 96, 97, 98, 99, 100, 102, 103, 106, 107, 108, 109, 110, 113, 114, 115, 117, 118], "summary": {"covered_lines": 69, "num_statements": 77, "percent_covered": 89.6103896103896, "percent_covered_display": "90", "missing_lines": 8, "excluded_lines": 0}, "missing_lines": [20, 21, 22, 23, 24, 35, 36, 37], "excluded_lines": []}, "app/schemas/entry.py": {"executed_lines": [1, 2, 3, 4, 7, 8, 11, 12, 15, 16, 17, 18, 19, 20, 21, 23, 24, 27, 28], "summary": {"covered_lines": 19, "num_statements": 19, "percent_covered": 100.0, "percent_covered_display": "100", "missing_lines": 0, "excluded_lines": 0}, "missing_lines": [], "excluded_lines": []}, "app/schemas/location.py": {"executed_lines": [1, 2, 3, 5, 6, 7, 8, 10, 11, 15, 16, 18, 24, 30, 35, 41, 47, 54, 60, 61, 86, 87, 125, 126, 133, 134, 141, 142, 149, 150, 151, 153, 154, 155, 156, 157, 158, 160, 161, 162, 164, 165, 166, 167, 168, 169, 171, 172, 173, 174, 175, 177, 178, 179, 180, 182, 183, 184, 185, 186, 189, 205, 209], "summary": {"covered_lines": 54, "num_statements": 106, "percent_covered": 50.943396226415096, "percent_covered_display": "51", "missing_lines": 52, "excluded_lines": 0}, "missing_lines": [63, 64, 66, 76, 77, 78, 79, 80, 81, 84, 89, 90, 92, 94, 95, 97, 98, 99, 100, 101, 102, 103, 105, 106, 108, 109, 110, 111, 112, 113, 114, 115, 117, 118, 119, 120, 121, 123, 128, 129, 130, 131, 136, 137, 138, 139, 144, 145, 146, 147, 207, 211], "excluded_lines": []}, "app/schemas/official_rules.py": {"executed_lines": [1, 2, 3, 6, 7, 8, 9, 10, 11, 12, 14, 15, 20, 21, 27, 28, 31, 32, 33, 34, 35, 36, 37, 40, 41, 42, 43, 44, 46, 47], "summary": {"covered_lines": 30, "num_statements": 36, "percent_covered": 83.33333333333333, "percent_covered_display": "83", "missing_lines": 6, "excluded_lines": 0}, "missing_lines": [16, 17, 18, 22, 23, 24], "excluded_lines": []}, "app/schemas/otp.py": {"executed_lines": [1, 2, 5, 6, 9, 10, 11, 14, 15, 16, 19, 20, 21, 22, 23, 24], "summary": {"covered_lines": 16, "num_statements": 16, "percent_covered": 100.0, "percent_covered_display": "100", "missing_lines": 0, "excluded_lines": 0}, "missing_lines": [], "excluded_lines": []}, "app/schemas/role_system.py": {"executed_lines": [1, 11, 12, 13, 14, 15, 18, 19, 20, 21, 22, 25, 26, 27, 28, 29, 36, 37, 38, 39, 42, 43, 44, 45, 46, 47, 48, 49, 50, 51, 52, 55, 56, 57, 59, 60, 67, 68, 69, 70, 71, 72, 73, 74, 75, 76, 77, 79, 80, 85, 86, 91, 92, 98, 99, 100, 101, 102, 103, 104, 105, 106, 107, 109, 110, 115, 116, 121, 122, 128, 129, 131, 132, 133, 136, 137, 138, 139, 140, 141, 142, 143, 145, 146, 151, 152, 157, 158, 164, 165, 166, 167, 168, 169, 170, 171, 172, 173, 174, 175, 176, 177, 178, 179, 181, 182, 185, 186, 188, 189, 190, 191, 192, 193, 194, 197, 198, 199, 202, 204, 205, 212, 213, 214, 215, 216, 217, 218, 219, 220, 221, 223, 224, 230, 231, 232, 233, 234, 235, 236, 243, 244, 245, 246, 249, 250, 251, 252, 253, 254, 255, 262, 263, 264, 265, 266, 267, 268, 269, 270, 272, 273, 276, 277, 278, 279, 280, 281, 282, 283, 285, 286, 293, 294, 295, 296, 297, 298, 300, 301, 307, 308, 309, 310, 311, 312, 313, 314, 315, 322, 323, 324, 325, 326, 327, 328, 329, 332, 333, 334, 335, 336, 337, 338, 341, 342, 343, 344, 345, 346, 347], "summary": {"covered_lines": 190, "num_statements": 223, "percent_covered": 85.20179372197309, "percent_covered_display": "85", "missing_lines": 33, "excluded_lines": 0}, "missing_lines": [81, 82, 83, 87, 88, 89, 93, 94, 95, 111, 112, 113, 117, 118, 119, 123, 124, 125, 147, 148, 149, 153, 154, 155, 159, 160, 161, 225, 226, 227, 302, 303, 304], "excluded_lines": []}, "app/schemas/sms_template.py": {"executed_lines": [1, 2, 3, 6, 7, 8, 9, 11, 12, 24, 25, 34, 35, 38, 39, 40, 43, 44, 45, 46, 47, 49, 50, 54, 55, 56, 61, 66, 72, 73, 80], "summary": {"covered_lines": 30, "num_statements": 42, "percent_covered": 71.42857142857143, "percent_covered_display": "71", "missing_lines": 12, "excluded_lines": 0}, "missing_lines": [13, 20, 21, 22, 26, 27, 29, 30, 31, 74, 75, 76], "excluded_lines": []}, "app/schemas/timezone.py": {"executed_lines": [], "summary": {"covered_lines": 0, "num_statements": 40, "percent_covered": 0.0, "percent_covered_display": "0", "missing_lines": 40, "excluded_lines": 0}, "missing_lines": [5, 6, 7, 10, 12, 13, 15, 16, 19, 40, 41, 43, 46, 48, 49, 50, 51, 52, 54, 55, 58, 60, 63, 65, 66, 68, 69, 71, 73, 74, 77, 79, 80, 81, 82, 83, 86, 88, 89, 90], "excluded_lines": []}, "app/schemas/universal_contest.py": {"executed_lines": [1, 8, 9, 10, 11, 12, 15, 16, 19, 20, 21, 24, 25, 28, 30, 31, 36, 37, 44, 45, 51, 52, 53, 54, 55, 61, 67, 73, 74, 75, 76, 77, 78, 79, 85, 86, 87, 88, 89, 90, 96, 97, 98, 99, 105, 106, 112, 118, 119, 125, 126, 132, 133, 139, 140, 146, 147, 152, 153, 159, 160, 166, 167, 179, 180, 186, 187, 193, 194, 208, 209, 212, 213, 214, 215, 216, 217, 218, 219, 222, 223, 226, 227, 228, 229, 230, 231, 234, 235, 236, 237, 238, 239, 242, 243, 244, 245, 248, 249, 252, 253, 254, 255, 258, 261, 262, 263, 265, 266], "summary": {"covered_lines": 105, "num_statements": 160, "percent_covered": 65.625, "percent_covered_display": "66", "missing_lines": 55, "excluded_lines": 0}, "missing_lines": [32, 33, 34, 38, 39, 40, 41, 127, 128, 129, 130, 134, 135, 136, 137, 141, 142, 143, 144, 148, 149, 150, 154, 155, 156, 157, 161, 162, 163, 164, 169, 170, 172, 173, 174, 175, 177, 181, 182, 183, 184, 188, 189, 190, 191, 195, 196, 197, 198, 199, 200, 201, 203, 204, 205], "excluded_lines": []}, "app/schemas/universal_contest_edit.py": {"executed_lines": [1, 8, 9, 10, 11, 14, 15, 18, 19, 20, 23, 24, 27, 29, 30, 35, 36, 43, 44, 50, 51, 52, 53, 54, 60, 66, 72, 73, 74, 75, 76, 77, 78, 84, 85, 86, 87, 88, 89, 95, 96, 97, 98, 104, 105, 111, 117, 118, 124, 125, 132, 133, 140, 141, 148, 149, 154, 155, 161, 162, 168, 169, 182, 183, 190, 191, 197, 198], "summary": {"covered_lines": 65, "num_statements": 125, "percent_covered": 52.0, "percent_covered_display": "52", "missing_lines": 60, "excluded_lines": 0}, "missing_lines": [31, 32, 33, 37, 38, 39, 40, 126, 127, 128, 129, 130, 134, 135, 136, 137, 138, 142, 143, 144, 145, 146, 150, 151, 152, 156, 157, 158, 159, 163, 164, 165, 166, 171, 172, 173, 175, 176, 177, 178, 180, 184, 185, 186, 187, 188, 192, 193, 194, 195, 199, 200, 201, 202, 203, 204, 205, 207, 208, 209], "excluded_lines": []}, "app/schemas/user.py": {"executed_lines": [1, 2, 3, 6, 7, 10, 11, 14, 15, 16, 18, 19, 22, 23], "summary": {"covered_lines": 14, "num_statements": 14, "percent_covered": 100.0, "percent_covered_display": "100", "missing_lines": 0, "excluded_lines": 0}, "missing_lines": [], "excluded_lines": []}, "app/services/__init__.py": {"executed_lines": [0], "summary": {"covered_lines": 0, "num_statements": 0, "percent_covered": 100.0, "percent_covered_display": "100", "missing_lines": 0, "excluded_lines": 0}, "missing_lines": [], "excluded_lines": []}, "app/services/admin_service.py": {"executed_lines": [1, 2, 3, 4, 5, 6, 7, 11, 14, 15, 17, 21, 35, 48, 65, 98, 135], "summary": {"covered_lines": 16, "num_statements": 55, "percent_covered": 29.09090909090909, "percent_covered_display": "29", "missing_lines": 39, "excluded_lines": 0}, "missing_lines": [18, 19, 23, 37, 50, 52, 53, 55, 67, 68, 69, 72, 73, 74, 77, 78, 79, 80, 83, 84, 92, 93, 94, 96, 101, 102, 103, 104, 107, 108, 109, 112, 113, 114, 116, 138, 146, 154, 162], "excluded_lines": []}, "app/services/campaign_import_service.py": {"executed_lines": [], "summary": {"covered_lines": 0, "num_statements": 59, "percent_covered": 0.0, "percent_covered_display": "0", "missing_lines": 59, "excluded_lines": 0}, "missing_lines": [1, 2, 3, 5, 6, 11, 14, 17, 18, 25, 30, 36, 48, 49, 50, 53, 56, 57, 60, 63, 78, 79, 80, 83, 87, 89, 90, 91, 93, 101, 104, 105, 106, 107, 111, 112, 114, 116, 123, 140, 142, 152, 158, 167, 170, 173, 174, 176, 177, 179, 180, 182, 183, 186, 187, 189, 190, 192, 196], "excluded_lines": []}, "app/services/contest_service.py": {"executed_lines": [1, 2, 3, 4, 5, 6, 7, 8, 9, 10, 11, 12, 13, 14, 20, 21, 22, 28, 31, 32, 34, 38, 53, 67, 77, 109, 150, 193, 247, 270, 284, 338, 361, 381, 409, 441, 485, 507, 545, 561, 618, 673, 688, 729, 735, 741, 766, 787, 797, 801, 842, 848, 873, 895], "summary": {"covered_lines": 53, "num_statements": 387, "percent_covered": 13.695090439276486, "percent_covered_display": "14", "missing_lines": 334, "excluded_lines": 0}, "missing_lines": [35, 36, 40, 42, 43, 51, 55, 69, 86, 94, 112, 115, 116, 117, 120, 121, 122, 123, 124, 125, 128, 134, 135, 136, 139, 140, 141, 145, 146, 148, 153, 156, 157, 160, 162, 168, 169, 170, 173, 174, 175, 179, 180, 183, 191, 195, 196, 197, 200, 201, 204, 207, 208, 209, 210, 216, 225, 226, 227, 228, 230, 232, 233, 234, 235, 236, 237, 239, 241, 242, 243, 245, 249, 250, 251, 254, 255, 261, 262, 265, 266, 268, 272, 273, 274, 276, 286, 287, 288, 291, 292, 298, 299, 305, 316, 317, 320, 321, 324, 325, 326, 327, 330, 331, 333, 334, 336, 341, 342, 344, 345, 348, 349, 351, 352, 355, 356, 358, 359, 364, 365, 366, 370, 371, 374, 375, 376, 378, 379, 383, 384, 385, 388, 389, 392, 396, 411, 412, 415, 427, 430, 432, 433, 434, 450, 451, 452, 454, 457, 460, 465, 466, 467, 469, 472, 480, 481, 483, 487, 488, 489, 492, 493, 499, 502, 503, 509, 510, 511, 513, 514, 520, 523, 524, 526, 527, 528, 529, 530, 531, 533, 534, 535, 536, 538, 540, 547, 548, 549, 551, 552, 557, 564, 567, 568, 569, 572, 573, 574, 577, 578, 581, 584, 585, 586, 587, 588, 589, 592, 599, 600, 601, 604, 605, 609, 610, 613, 614, 616, 620, 621, 622, 625, 628, 631, 632, 633, 636, 637, 640, 641, 642, 645, 646, 647, 650, 651, 653, 654, 655, 658, 662, 665, 666, 668, 669, 671, 679, 681, 682, 683, 692, 693, 696, 710, 712, 713, 719, 720, 721, 723, 724, 733, 739, 743, 745, 746, 748, 749, 751, 752, 753, 756, 760, 761, 764, 768, 769, 770, 771, 772, 773, 775, 776, 777, 779, 780, 781, 782, 783, 785, 789, 799, 803, 804, 807, 815, 816, 821, 822, 823, 824, 827, 835, 837, 838, 840, 845, 846, 850, 852, 853, 855, 856, 858, 859, 860, 861, 863, 864, 867, 868, 870, 871, 875, 878, 880, 881, 887, 888, 889, 890, 904, 913], "excluded_lines": []}, "app/services/geocoding_service.py": {"executed_lines": [1, 6, 7, 8, 9, 10, 12, 15, 16, 18, 21, 22, 25, 27, 33, 110, 185, 201], "summary": {"covered_lines": 16, "num_statements": 60, "percent_covered": 26.666666666666668, "percent_covered_display": "27", "missing_lines": 44, "excluded_lines": 0}, "missing_lines": [46, 47, 53, 54, 55, 60, 61, 64, 66, 67, 68, 74, 79, 81, 83, 89, 90, 91, 96, 97, 98, 103, 104, 105, 122, 123, 128, 129, 134, 136, 142, 143, 152, 161, 162, 164, 173, 174, 176, 192, 194, 195, 196, 197], "excluded_lines": []}, "app/services/media_service.py": {"executed_lines": [], "summary": {"covered_lines": 0, "num_statements": 74, "percent_covered": 0.0, "percent_covered_display": "0", "missing_lines": 74, "excluded_lines": 0}, "missing_lines": [8, 9, 10, 11, 12, 13, 15, 18, 21, 22, 25, 26, 27, 28, 30, 31, 34, 36, 38, 39, 44, 61, 64, 66, 67, 68, 90, 108, 110, 122, 123, 124, 129, 139, 141, 143, 146, 147, 150, 155, 156, 158, 160, 162, 163, 164, 166, 187, 188, 190, 191, 199, 200, 201, 203, 205, 207, 209, 211, 213, 215, 226, 227, 231, 232, 237, 239, 241, 254, 257, 258, 261, 265, 267], "excluded_lines": []}, "app/services/notification_service.py": {"executed_lines": [], "summary": {"covered_lines": 0, "num_statements": 85, "percent_covered": 0.0, "percent_covered_display": "0", "missing_lines": 85, "excluded_lines": 0}, "missing_lines": [1, 2, 3, 4, 5, 6, 7, 8, 13, 14, 15, 18, 21, 22, 23, 25, 27, 39, 52, 59, 60, 61, 63, 64, 69, 70, 71, 74, 80, 90, 91, 93, 94, 95, 97, 103, 110, 111, 112, 115, 122, 123, 129, 130, 132, 133, 139, 149, 150, 151, 153, 155, 157, 159, 166, 173, 174, 175, 178, 185, 186, 192, 193, 195, 196, 202, 212, 213, 214, 216, 218, 220, 222, 229, 231, 232, 233, 235, 244, 257, 259, 260, 261, 264, 273], "excluded_lines": []}, "app/shared/__init__.py": {"executed_lines": [0], "summary": {"covered_lines": 0, "num_statements": 0, "percent_covered": 100.0, "percent_covered_display": "100", "missing_lines": 0, "excluded_lines": 0}, "missing_lines": [], "excluded_lines": []}, "app/shared/constants/__init__.py": {"executed_lines": [0], "summary": {"covered_lines": 0, "num_statements": 0, "percent_covered": 100.0, "percent_covered_display": "100", "missing_lines": 0, "excluded_lines": 0}, "missing_lines": [], "excluded_lines": []}, "app/shared/constants/auth.py": {"executed_lines": [1, 6, 7, 10, 11, 12, 13, 16, 17, 20, 21, 22, 25, 26, 27, 28, 29, 32, 33, 36, 37, 38, 39, 42, 45, 52, 53, 56, 57, 58, 59, 62, 63, 64, 65, 66, 69, 70, 71, 72, 75, 76, 77, 80, 81, 82, 83, 86, 87, 88, 91, 92, 95, 96, 97, 100, 101, 102, 105, 106, 109, 110, 113, 114, 115, 118, 119, 122, 123, 126, 127, 130, 131, 134, 144, 149, 162], "summary": {"covered_lines": 72, "num_statements": 72, "percent_covered": 100.0, "percent_covered_display": "100", "missing_lines": 0, "excluded_lines": 0}, "missing_lines": [], "excluded_lines": []}, "app/shared/constants/contest.py": {"executed_lines": [1, 6, 7, 10, 11, 12, 13, 14, 15, 16, 17, 18, 21, 34, 35, 38, 39, 42, 43, 46, 47, 50, 51, 52, 55, 56, 57, 58, 59, 62, 63, 64, 65, 66, 67, 70, 71, 72, 73, 76, 77, 78, 79, 82, 94, 97, 100, 103, 106, 107, 110, 111, 114, 115, 118, 119, 120, 121, 124, 125, 126, 127, 130, 131, 132, 133, 134, 135, 136, 139, 140, 141, 142, 145, 146, 147, 148, 151, 152, 155, 156, 159, 160, 161, 164, 165, 166, 169, 170, 173, 174, 177, 178, 179], "summary": {"covered_lines": 90, "num_statements": 90, "percent_covered": 100.0, "percent_covered_display": "100", "missing_lines": 0, "excluded_lines": 0}, "missing_lines": [], "excluded_lines": []}, "app/shared/constants/http.py": {"executed_lines": [1, 6, 7, 10, 11, 12, 13, 16, 17, 18, 21, 22, 23, 24, 25, 26, 27, 28, 31, 32, 33, 34, 35, 38, 39, 42, 43, 46, 47, 48, 51, 52, 53, 54, 57, 58, 59, 60, 63, 64, 65, 68, 69, 72, 73, 75, 76, 77, 78, 79, 80, 81, 84, 85, 86, 87, 90, 91, 92, 95, 96, 99, 100, 101, 102, 105, 106, 109, 110, 113, 114, 117, 118, 121, 122, 125, 126, 127, 130, 131, 134, 135, 136, 139, 140, 143, 144, 145, 146, 149, 150, 151, 152, 153, 154, 155, 156, 157, 158, 161, 162, 163, 164, 165, 168, 169, 170, 173, 174, 175, 178, 179, 182, 185, 188, 199, 208, 211, 214, 215, 217, 224, 232, 250, 251, 254, 255, 258, 259, 262, 263, 266, 267, 270, 271, 274, 275], "summary": {"covered_lines": 128, "num_statements": 128, "percent_covered": 100.0, "percent_covered_display": "100", "missing_lines": 0, "excluded_lines": 0}, "missing_lines": [], "excluded_lines": []}, "app/shared/constants/location.py": {"executed_lines": [1, 6, 7, 10, 11, 14, 15, 16, 17, 20, 21, 22, 25, 26, 27, 28, 30, 38, 39, 42, 57, 58, 59, 62, 63, 66, 67, 70, 71, 74, 75, 76, 77, 78, 79, 80, 83, 84, 85, 86, 87, 90, 91, 92, 93, 94, 95, 98, 99, 102, 103, 106, 109, 110, 111, 112, 113, 114, 117, 118, 120, 121, 122, 123, 124, 126, 127, 128, 130, 131, 133, 136, 137, 139, 140, 141, 142, 145, 146, 147, 148], "summary": {"covered_lines": 76, "num_statements": 76, "percent_covered": 100.0, "percent_covered_display": "100", "missing_lines": 0, "excluded_lines": 0}, "missing_lines": [], "excluded_lines": []}, "app/shared/constants/media.py": {"executed_lines": [1, 6, 7, 10, 11, 12, 14, 17, 18, 21, 22, 23, 26, 27, 28, 29, 32, 33, 34, 35, 38, 39, 42, 43, 44, 47, 48, 51, 52, 53, 56, 57, 60, 61, 62, 65, 73, 81, 82, 85, 86, 89, 90, 93, 94, 97, 98, 99, 100, 103, 104, 105, 106, 107, 108, 109, 110, 113, 114, 115, 116, 119, 120, 121, 124, 125, 126, 127, 130, 131, 132, 135, 136, 137, 140, 141, 144, 145, 146, 147, 148, 151, 152, 153, 154, 157, 158, 159, 162, 163, 164, 167, 168, 169, 172, 173, 175, 176, 177, 178, 181, 182, 183, 186, 187, 188, 189, 192, 193, 196, 197], "summary": {"covered_lines": 106, "num_statements": 106, "percent_covered": 100.0, "percent_covered_display": "100", "missing_lines": 0, "excluded_lines": 0}, "missing_lines": [], "excluded_lines": []}, "app/shared/exceptions/__init__.py": {"executed_lines": [0], "summary": {"covered_lines": 0, "num_statements": 0, "percent_covered": 100.0, "percent_covered_display": "100", "missing_lines": 0, "excluded_lines": 0}, "missing_lines": [], "excluded_lines": []}, "app/shared/exceptions/base.py": {"executed_lines": [1, 6, 7, 8, 11, 12, 15, 16, 17, 18, 19, 22, 23, 24, 25, 28, 29, 30, 31, 32, 33, 36, 37, 38, 41, 42, 43, 44, 47, 48, 49, 52, 53, 54, 55, 58, 59, 62, 63, 68, 83, 94, 103, 104, 106, 120, 121, 123, 137, 138, 140, 164, 165, 167, 185, 186, 188, 209, 210, 212, 236, 241, 246, 251, 256, 266, 272, 277], "summary": {"covered_lines": 59, "num_statements": 102, "percent_covered": 57.84313725490196, "percent_covered_display": "58", "missing_lines": 43, "excluded_lines": 0}, "missing_lines": [76, 77, 78, 79, 80, 81, 85, 96, 112, 129, 146, 147, 148, 150, 152, 153, 154, 156, 173, 174, 175, 177, 196, 197, 198, 199, 200, 202, 218, 219, 220, 222, 223, 224, 226, 238, 243, 248, 253, 263, 268, 274, 279], "excluded_lines": []}, "app/shared/types/__init__.py": {"executed_lines": [0], "summary": {"covered_lines": 0, "num_statements": 0, "percent_covered": 100.0, "percent_covered_display": "100", "missing_lines": 0, "excluded_lines": 0}, "missing_lines": [], "excluded_lines": []}, "app/shared/types/pagination.py": {"executed_lines": [1, 6, 7, 8, 10, 13, 14, 18, 23, 30, 31, 32, 34, 36, 38, 39, 40, 42, 44, 46, 48, 49, 51, 53, 54, 56, 59, 60, 63, 64, 70, 71, 72, 77, 78, 82, 84, 85, 86, 88, 90, 93, 94, 98, 99, 100, 101, 103, 104, 106, 107, 110, 111, 113, 115, 116, 118, 120, 121, 127, 128, 135, 152, 153, 157, 158, 159, 160, 161, 163, 164, 165, 167, 171, 174, 175, 178, 179, 181, 182, 183, 192, 208], "summary": {"covered_lines": 76, "num_statements": 98, "percent_covered": 77.55102040816327, "percent_covered_display": "78", "missing_lines": 22, "excluded_lines": 0}, "missing_lines": [35, 43, 45, 74, 89, 108, 123, 124, 125, 130, 131, 132, 133, 137, 168, 169, 170, 185, 186, 187, 188, 189], "excluded_lines": []}, "app/shared/types/responses.py": {"executed_lines": [1, 6, 7, 8, 11, 14, 15, 19, 20, 21, 22, 23, 24, 27, 28, 29, 30, 31, 32, 33, 34, 37, 38, 41, 42, 45, 46, 47, 48, 49, 50, 53, 54, 55, 56, 57, 58, 61, 62, 63, 66, 67, 68, 69, 70, 73, 74, 75, 76, 77, 78, 81, 82, 83, 84, 85, 86, 87, 88, 91, 92, 93, 94, 95, 96, 97, 98, 99, 102, 103, 104, 105, 106, 107, 108, 109, 112, 113, 114, 115, 116, 117, 118, 119, 123, 124, 125, 126], "summary": {"covered_lines": 75, "num_statements": 75, "percent_covered": 100.0, "percent_covered_display": "100", "missing_lines": 0, "excluded_lines": 0}, "missing_lines": [], "excluded_lines": []}}, "totals": {"covered_lines": 3328, "num_statements": 7138, "percent_covered": 46.62370411880079, "percent_covered_display": "47", "missing_lines": 3810, "excluded_lines": 0}}