<?xml version="1.0" encoding="utf-8"?><testsuites><testsuite name="pytest" errors="0" failures="0" skipped="0" tests="4" time="1.090" timestamp="2025-08-30T09:58:58.510572" hostname="MacBook-Pro-8.local"><testcase classname="tests.api.test_production_e2e.TestProductionSmoke" name="test_api_is_responsive" time="0.751" /><testcase classname="tests.api.test_production_e2e.TestProductionSmoke" name="test_health_check_smoke" time="0.015" /><testcase classname="tests.api.test_production_e2e.TestProductionSmoke" name="test_contests_endpoint_smoke" time="0.036" /><testcase classname="tests.api.test_production_e2e.TestProductionSmoke" name="test_auth_endpoint_smoke" time="0.015" /></testsuite></testsuites>